TN:
SF:compareApiResponses.ts
FN:6,loadApiResponse
FN:15,compareApiResponses
FN:45,compareDirectories
FN:52,(anonymous_9)
FN:67,main
FNF:5
FNH:0
FNDA:0,loadApiResponse
FNDA:0,compareApiResponses
FNDA:0,compareDirectories
FNDA:0,(anonymous_9)
FNDA:0,main
DA:1,0
DA:2,0
DA:3,0
DA:6,0
DA:7,0
DA:8,0
DA:10,0
DA:15,0
DA:16,0
DA:17,0
DA:19,0
DA:20,0
DA:21,0
DA:24,0
DA:25,0
DA:26,0
DA:29,0
DA:30,0
DA:31,0
DA:34,0
DA:36,0
DA:37,0
DA:38,0
DA:40,0
DA:45,0
DA:46,0
DA:47,0
DA:50,0
DA:52,0
DA:53,0
DA:54,0
DA:56,0
DA:57,0
DA:58,0
DA:59,0
DA:61,0
DA:67,0
DA:68,0
DA:69,0
DA:71,0
DA:72,0
DA:73,0
DA:77,0
DA:78,0
DA:79,0
DA:81,0
DA:82,0
DA:83,0
DA:86,0
DA:87,0
DA:91,0
DA:92,0
DA:93,0
LF:53
LH:0
BRDA:7,0,0,0
BRDA:7,0,1,0
BRDA:19,1,0,0
BRDA:19,2,0,0
BRDA:19,2,1,0
BRDA:24,3,0,0
BRDA:29,4,0,0
BRDA:36,5,0,0
BRDA:36,5,1,0
BRDA:56,6,0,0
BRDA:56,6,1,0
BRDA:58,7,0,0
BRDA:58,7,1,0
BRDA:71,8,0,0
BRDA:71,9,0,0
BRDA:71,9,1,0
BRDA:77,10,0,0
BRDA:81,11,0,0
BRDA:91,12,0,0
BRF:19
BRH:0
end_of_record
TN:
SF:fetchApiResponses.ts
FN:6,loadConfig
FN:16,fetchApiResponse
FN:33,saveApiResponseToFile
FN:39,fetchAndSaveApiResponses
FN:59,main
FN:83,(anonymous_12)
FN:84,(anonymous_13)
FNF:7
FNH:0
FNDA:0,loadConfig
FNDA:0,fetchApiResponse
FNDA:0,saveApiResponseToFile
FNDA:0,fetchAndSaveApiResponses
FNDA:0,main
FNDA:0,(anonymous_12)
FNDA:0,(anonymous_13)
DA:1,0
DA:2,0
DA:3,0
DA:6,0
DA:7,0
DA:8,0
DA:10,0
DA:11,0
DA:16,0
DA:17,0
DA:18,0
DA:24,0
DA:25,0
DA:27,0
DA:28,0
DA:33,0
DA:34,0
DA:35,0
DA:39,0
DA:40,0
DA:42,0
DA:43,0
DA:46,0
DA:47,0
DA:48,0
DA:50,0
DA:51,0
DA:55,0
DA:59,0
DA:60,0
DA:61,0
DA:63,0
DA:64,0
DA:65,0
DA:69,0
DA:72,0
DA:73,0
DA:76,0
DA:77,0
DA:81,0
DA:82,0
DA:83,0
DA:84,0
LF:43
LH:0
BRDA:7,0,0,0
BRDA:7,0,1,0
BRDA:22,1,0,0
BRDA:22,1,1,0
BRDA:42,2,0,0
BRDA:47,3,0,0
BRDA:47,3,1,0
BRDA:48,4,0,0
BRDA:63,5,0,0
BRDA:63,6,0,0
BRDA:63,6,1,0
BRDA:72,7,0,0
BRDA:77,8,0,0
BRDA:77,8,1,0
BRDA:81,9,0,0
BRF:15
BRH:0
end_of_record
