TN:
SF:compareApiResponses.ts
FN:6,loadApiResponse
FN:15,compareApiResponses
FN:45,compareDirectories
FN:52,(anonymous_9)
FN:67,main
FNF:5
FNH:5
FNDA:24,loadApiResponse
FNDA:11,compareApiResponses
FNDA:4,compareDirectories
FNDA:8,(anonymous_9)
FNDA:4,main
DA:1,1
DA:2,1
DA:3,1
DA:6,1
DA:7,24
DA:8,19
DA:10,5
DA:15,1
DA:16,11
DA:17,11
DA:19,11
DA:20,1
DA:21,1
DA:24,10
DA:25,1
DA:26,1
DA:29,9
DA:30,1
DA:31,1
DA:34,8
DA:36,8
DA:37,1
DA:38,1
DA:40,7
DA:45,1
DA:46,4
DA:47,4
DA:50,4
DA:52,4
DA:53,8
DA:54,8
DA:56,8
DA:57,1
DA:58,7
DA:59,1
DA:61,6
DA:67,1
DA:68,4
DA:69,4
DA:71,4
DA:72,1
DA:73,1
DA:77,3
DA:78,1
DA:79,1
DA:81,2
DA:82,1
DA:83,1
DA:86,1
DA:87,1
DA:91,1
DA:92,0
DA:93,0
LF:53
LH:51
BRDA:7,0,0,19
BRDA:7,0,1,5
BRDA:19,1,0,1
BRDA:19,2,0,11
BRDA:19,2,1,2
BRDA:24,3,0,1
BRDA:29,4,0,1
BRDA:36,5,0,1
BRDA:36,5,1,7
BRDA:56,6,0,1
BRDA:56,6,1,7
BRDA:58,7,0,1
BRDA:58,7,1,6
BRDA:71,8,0,1
BRDA:71,9,0,4
BRDA:71,9,1,3
BRDA:77,10,0,1
BRDA:81,11,0,1
BRDA:91,12,0,0
BRF:19
BRH:18
end_of_record
TN:
SF:fetchApiResponses.ts
FN:6,loadConfig
FN:16,fetchApiResponse
FN:33,saveApiResponseToFile
FN:39,fetchAndSaveApiResponses
FN:59,main
FN:83,(anonymous_12)
FN:84,(anonymous_13)
FNF:7
FNH:5
FNDA:10,loadConfig
FNDA:3,fetchApiResponse
FNDA:1,saveApiResponseToFile
FNDA:8,fetchAndSaveApiResponses
FNDA:6,main
FNDA:0,(anonymous_12)
FNDA:0,(anonymous_13)
DA:1,1
DA:2,1
DA:3,1
DA:6,1
DA:7,10
DA:8,2
DA:10,8
DA:11,8
DA:16,1
DA:17,3
DA:18,3
DA:24,2
DA:25,2
DA:27,1
DA:28,1
DA:33,1
DA:34,1
DA:35,1
DA:39,1
DA:40,8
DA:42,7
DA:43,7
DA:46,0
DA:47,0
DA:48,0
DA:50,0
DA:51,0
DA:55,0
DA:59,1
DA:60,6
DA:61,6
DA:63,6
DA:64,1
DA:65,1
DA:69,5
DA:72,5
DA:73,4
DA:76,5
DA:77,4
DA:81,1
DA:82,0
DA:83,0
DA:84,0
LF:43
LH:34
BRDA:7,0,0,2
BRDA:7,0,1,8
BRDA:22,1,0,1
BRDA:22,1,1,2
BRDA:42,2,0,7
BRDA:47,3,0,0
BRDA:47,3,1,0
BRDA:48,4,0,0
BRDA:63,5,0,1
BRDA:63,6,0,6
BRDA:63,6,1,5
BRDA:72,7,0,4
BRDA:77,8,0,0
BRDA:77,8,1,4
BRDA:81,9,0,0
BRF:15
BRH:10
end_of_record
